<scripts>
    <code>
#chanwSetVariable( "${design_namespace}Header" "${masterSiteDesignPath}dummy-header" )
    </code>
</scripts>